MySampleApp/app/build/outputs/logs/manifest-merger-debug-report.txt
-- Merging decision tree log ---
manifest
ADDED from src/main/AndroidManifest.xml:13:1-91:12
	package
		ADDED from src/main/AndroidManifest.xml:14:5-30
		INJECTED from src/main/AndroidManifest.xml
		INJECTED from src/main/AndroidManifest.xml
	android:versionName
		INJECTED from src/main/AndroidManifest.xml
		INJECTED from src/main/AndroidManifest.xml
	xmlns:android
		ADDED from src/main/AndroidManifest.xml:13:11-69
	android:versionCode
		INJECTED from src/main/AndroidManifest.xml
		INJECTED from src/main/AndroidManifest.xml
uses-permission#android.permission.INTERNET
ADDED from src/main/AndroidManifest.xml:16:5-67
	android:name
		ADDED from src/main/AndroidManifest.xml:16:22-64
uses-permission#android.permission.ACCESS_NETWORK_STATE
ADDED from src/main/AndroidManifest.xml:17:5-79
	android:name
		ADDED from src/main/AndroidManifest.xml:17:22-76
uses-permission#android.permission.ACCESS_WIFI_STATE
ADDED from src/main/AndroidManifest.xml:18:5-76
	android:name
		ADDED from src/main/AndroidManifest.xml:18:22-73
uses-permission#android.permission.READ_EXTERNAL_STORAGE
ADDED from src/main/AndroidManifest.xml:19:5-80
	android:name
		ADDED from src/main/AndroidManifest.xml:19:22-77
application
ADDED from src/main/AndroidManifest.xml:21:5-89:19
MERGED from [MySampleApp:AWSMobileHelper:unspecified] AndroidManifest.xml:19:5-52:19
MERGED from [com.android.support.constraint:constraint-layout:1.0.2] AndroidManifest.xml:9:5-20
MERGED from [com.android.support:design:24.2.1] AndroidManifest.xml:22:5-20
MERGED from [com.android.support:appcompat-v7:24.2.1] AndroidManifest.xml:25:5-20
MERGED from [com.android.support:support-v4:24.2.1] AndroidManifest.xml:25:5-20
MERGED from [com.android.support:support-fragment:24.2.1] AndroidManifest.xml:25:5-20
MERGED from [com.android.support:support-media-compat:24.2.1] AndroidManifest.xml:25:5-20
MERGED from [com.android.support:support-core-utils:24.2.1] AndroidManifest.xml:25:5-20
MERGED from [com.android.support:animated-vector-drawable:24.2.1] AndroidManifest.xml:22:5-20
MERGED from [com.android.support:support-vector-drawable:24.2.1] AndroidManifest.xml:23:5-20
MERGED from [com.android.support:support-core-ui:24.2.1] AndroidManifest.xml:25:5-20
MERGED from [com.android.support:support-compat:24.2.1] AndroidManifest.xml:25:5-20
	android:label
		ADDED from src/main/AndroidManifest.xml:25:9-41
	android:supportsRtl
		ADDED from [MySampleApp:AWSMobileHelper:unspecified] AndroidManifest.xml:21:9-35
	android:allowBackup
		ADDED from src/main/AndroidManifest.xml:23:9-35
	android:icon
		ADDED from src/main/AndroidManifest.xml:24:9-43
	android:theme
		ADDED from src/main/AndroidManifest.xml:26:9-40
	android:name
		ADDED from src/main/AndroidManifest.xml:22:9-36
activity#com.mysampleapp.SplashActivity
ADDED from src/main/AndroidManifest.xml:27:9-36:20
	android:label
		ADDED from src/main/AndroidManifest.xml:30:13-45
	android:configChanges
		ADDED from src/main/AndroidManifest.xml:29:13-83
	android:name
		ADDED from src/main/AndroidManifest.xml:28:13-43
intent-filter#android.intent.action.MAIN+android.intent.category.LAUNCHER
ADDED from src/main/AndroidManifest.xml:31:13-35:29
action#android.intent.action.MAIN
ADDED from src/main/AndroidManifest.xml:32:17-69
	android:name
		ADDED from src/main/AndroidManifest.xml:32:25-66
category#android.intent.category.LAUNCHER
ADDED from src/main/AndroidManifest.xml:34:17-77
	android:name
		ADDED from src/main/AndroidManifest.xml:34:27-74
activity#com.mysampleapp.MainActivity
ADDED from src/main/AndroidManifest.xml:37:9-40:51
	android:label
		ADDED from src/main/AndroidManifest.xml:39:13-56
	android:launchMode
		ADDED from src/main/AndroidManifest.xml:40:13-48
	android:name
		ADDED from src/main/AndroidManifest.xml:38:13-41
service#com.amazonaws.mobileconnectors.s3.transferutility.TransferService
ADDED from src/main/AndroidManifest.xml:53:9-55:38
	android:enabled
		ADDED from src/main/AndroidManifest.xml:55:13-35
	android:name
		ADDED from src/main/AndroidManifest.xml:54:13-93
service#com.amazonaws.mobile.downloader.service.DownloadService
ADDED from src/main/AndroidManifest.xml:56:9-91
	android:name
		ADDED from src/main/AndroidManifest.xml:56:18-88
receiver#com.amazonaws.mobile.downloader.service.NetworkStateListener
ADDED from src/main/AndroidManifest.xml:58:9-65:20
	android:enabled
		ADDED from src/main/AndroidManifest.xml:60:13-36
	android:exported
		ADDED from src/main/AndroidManifest.xml:61:13-37
	android:name
		ADDED from src/main/AndroidManifest.xml:59:13-88
intent-filter#android.net.conn.CONNECTIVITY_CHANGE
ADDED from src/main/AndroidManifest.xml:62:13-64:29
action#android.net.conn.CONNECTIVITY_CHANGE
ADDED from src/main/AndroidManifest.xml:63:17-79
	android:name
		ADDED from src/main/AndroidManifest.xml:63:25-76
provider#com.amazonaws.mobile.downloader.query.DownloadQueueProvider
ADDED from src/main/AndroidManifest.xml:67:9-71:40
	android:authorities
		ADDED from src/main/AndroidManifest.xml:69:13-76
	android:enabled
		ADDED from src/main/AndroidManifest.xml:70:13-35
	android:exported
		ADDED from src/main/AndroidManifest.xml:71:13-37
	android:name
		ADDED from src/main/AndroidManifest.xml:68:13-87
provider#android.support.v4.content.FileProvider
ADDED from src/main/AndroidManifest.xml:72:9-80:20
	android:authorities
		ADDED from src/main/AndroidManifest.xml:74:13-74
	android:grantUriPermissions
		ADDED from src/main/AndroidManifest.xml:76:13-47
	android:exported
		ADDED from src/main/AndroidManifest.xml:75:13-37
	android:name
		ADDED from src/main/AndroidManifest.xml:73:13-67
meta-data#android.support.FILE_PROVIDER_PATHS
ADDED from src/main/AndroidManifest.xml:77:13-79:66
	android:resource
		ADDED from src/main/AndroidManifest.xml:79:17-63
	android:name
		ADDED from src/main/AndroidManifest.xml:78:17-67
activity#com.mysampleapp.HomeActivity
ADDED from src/main/AndroidManifest.xml:84:9-50
	android:name
		ADDED from src/main/AndroidManifest.xml:84:19-47
activity#com.mysampleapp.SermonActivity
ADDED from src/main/AndroidManifest.xml:85:9-52
	android:name
		ADDED from src/main/AndroidManifest.xml:85:19-49
activity#com.mysampleapp.InformationActivity
ADDED from src/main/AndroidManifest.xml:86:9-57
	android:name
		ADDED from src/main/AndroidManifest.xml:86:19-54
activity#com.mysampleapp.AnnouncementActivity
ADDED from src/main/AndroidManifest.xml:87:9-58
	android:name
		ADDED from src/main/AndroidManifest.xml:87:19-55
activity#com.mysampleapp.AddSermonActivity
ADDED from src/main/AndroidManifest.xml:88:9-64
	android:name
		ADDED from src/main/AndroidManifest.xml:88:19-52
uses-sdk
INJECTED from src/main/AndroidManifest.xml reason: use-sdk injection requested
MERGED from [MySampleApp:AWSMobileHelper:unspecified] AndroidManifest.xml:15:5-17:41
MERGED from [com.android.support:multidex:1.0.0] AndroidManifest.xml:18:5-42
MERGED from [com.android.support.constraint:constraint-layout:1.0.2] AndroidManifest.xml:5:5-7:41
MERGED from [com.android.support:design:24.2.1] AndroidManifest.xml:20:5-43
MERGED from [com.android.support:appcompat-v7:24.2.1] AndroidManifest.xml:21:5-23:78
MERGED from [com.android.support:support-v4:24.2.1] AndroidManifest.xml:21:5-23:54
MERGED from [com.android.support:support-fragment:24.2.1] AndroidManifest.xml:21:5-23:60
MERGED from [com.android.support:support-media-compat:24.2.1] AndroidManifest.xml:21:5-23:63
MERGED from [com.android.support:support-core-utils:24.2.1] AndroidManifest.xml:21:5-23:61
MERGED from [com.android.support:animated-vector-drawable:24.2.1] AndroidManifest.xml:20:5-44
MERGED from [com.android.support:support-vector-drawable:24.2.1] AndroidManifest.xml:21:5-43
MERGED from [com.android.support:recyclerview-v7:24.2.1] AndroidManifest.xml:20:5-43
MERGED from [com.android.support:support-core-ui:24.2.1] AndroidManifest.xml:21:5-23:58
MERGED from [com.android.support:support-compat:24.2.1] AndroidManifest.xml:21:5-23:58
	tools:overrideLibrary
		ADDED from [com.android.support:appcompat-v7:24.2.1] AndroidManifest.xml:23:9-75
	android:targetSdkVersion
		INJECTED from src/main/AndroidManifest.xml
		INJECTED from src/main/AndroidManifest.xml
	android:minSdkVersion
		INJECTED from src/main/AndroidManifest.xml
		INJECTED from src/main/AndroidManifest.xml
activity#com.amazonaws.mobilehelper.auth.signin.ui.SignInActivity
ADDED from [MySampleApp:AWSMobileHelper:unspecified] AndroidManifest.xml:22:9-27:20
	android:screenOrientation
		ADDED from [MySampleApp:AWSMobileHelper:unspecified] AndroidManifest.xml:26:13-49
	android:label
		ADDED from [MySampleApp:AWSMobileHelper:unspecified] AndroidManifest.xml:25:13-59
	android:configChanges
		ADDED from [MySampleApp:AWSMobileHelper:unspecified] AndroidManifest.xml:24:13-83
	android:name
		ADDED from [MySampleApp:AWSMobileHelper:unspecified] AndroidManifest.xml:23:13-84
activity#com.amazonaws.mobilehelper.auth.signin.ui.userpools.ForgotPasswordActivity
ADDED from [MySampleApp:AWSMobileHelper:unspecified] AndroidManifest.xml:28:9-33:20
	android:screenOrientation
		ADDED from [MySampleApp:AWSMobileHelper:unspecified] AndroidManifest.xml:32:13-49
	android:label
		ADDED from [MySampleApp:AWSMobileHelper:unspecified] AndroidManifest.xml:31:13-67
	android:configChanges
		ADDED from [MySampleApp:AWSMobileHelper:unspecified] AndroidManifest.xml:30:13-83
	android:name
		ADDED from [MySampleApp:AWSMobileHelper:unspecified] AndroidManifest.xml:29:13-102
activity#com.amazonaws.mobilehelper.auth.signin.ui.userpools.SignUpActivity
ADDED from [MySampleApp:AWSMobileHelper:unspecified] AndroidManifest.xml:34:9-39:20
	android:screenOrientation
		ADDED from [MySampleApp:AWSMobileHelper:unspecified] AndroidManifest.xml:38:13-49
	android:label
		ADDED from [MySampleApp:AWSMobileHelper:unspecified] AndroidManifest.xml:37:13-59
	android:configChanges
		ADDED from [MySampleApp:AWSMobileHelper:unspecified] AndroidManifest.xml:36:13-83
	android:name
		ADDED from [MySampleApp:AWSMobileHelper:unspecified] AndroidManifest.xml:35:13-94
activity#com.amazonaws.mobilehelper.auth.signin.ui.userpools.MFAActivity
ADDED from [MySampleApp:AWSMobileHelper:unspecified] AndroidManifest.xml:40:9-45:20
	android:screenOrientation
		ADDED from [MySampleApp:AWSMobileHelper:unspecified] AndroidManifest.xml:44:13-49
	android:label
		ADDED from [MySampleApp:AWSMobileHelper:unspecified] AndroidManifest.xml:43:13-55
	android:configChanges
		ADDED from [MySampleApp:AWSMobileHelper:unspecified] AndroidManifest.xml:42:13-83
	android:name
		ADDED from [MySampleApp:AWSMobileHelper:unspecified] AndroidManifest.xml:41:13-91
activity#com.amazonaws.mobilehelper.auth.signin.ui.userpools.SignUpConfirmActivity
ADDED from [MySampleApp:AWSMobileHelper:unspecified] AndroidManifest.xml:46:9-51:20
	android:screenOrientation
		ADDED from [MySampleApp:AWSMobileHelper:unspecified] AndroidManifest.xml:50:13-49
	android:label
		ADDED from [MySampleApp:AWSMobileHelper:unspecified] AndroidManifest.xml:49:13-67
	android:configChanges
		ADDED from [MySampleApp:AWSMobileHelper:unspecified] AndroidManifest.xml:48:13-83
	android:name
		ADDED from [MySampleApp:AWSMobileHelper:unspecified] AndroidManifest.xml:47:13-101